Arguments: 
  C:\Program Files\nodejs\node.exe C:\Users\DAT THANH NGUYEN\AppData\Roaming\npm\node_modules\yarn\bin\yarn.js init

PATH: 
  C:\Users\DAT THANH NGUYEN\bin;C:\Program Files\Git\mingw64\bin;C:\Program Files\Git\usr\local\bin;C:\Program Files\Git\usr\bin;C:\Program Files\Git\usr\bin;C:\Program Files\Git\mingw64\bin;C:\Program Files\Git\usr\bin;C:\Users\DAT THANH NGUYEN\bin;C:\Program Files\Common Files\Oracle\Java\javapath;C:\Windows\system32;C:\Windows;C:\Windows\System32\Wbem;C:\Windows\System32\WindowsPowerShell\v1.0;C:\Windows\System32\OpenSSH;C:\Program Files\Cloudflare\Cloudflare WARP;C:\Program Files\nodejs;C:\Program Files\Git\cmd;C:\Program Files\flutter\bin;C:\Program Files\Java\jdk-18.0.1.1\bin;D:\FlutterDev\cmdline-tools\platform-tools;D:\FlutterDev\cmdline-tools\platform;C:\Program Files\flutter\bin;C:\Program Files\flutter\bin;D:\FlutterDev\flutter\bin;C:\Program Files\dotnet;C:\Users\DAT THANH NGUYEN\AppData\Local\Microsoft\WindowsApps;C:\Users\DAT THANH NGUYEN\AppData\Local\Programs\Microsoft VS Code\bin;C:\Users\DAT THANH NGUYEN\AppData\Roaming\npm;C:\Program Files\flutter\bin;C:\Users\DAT THANH NGUYEN\.dotnet\tools;C:\Program Files\Git\usr\bin\vendor_perl;C:\Program Files\Git\usr\bin\core_perl

Yarn version: 
  1.22.19

Node version: 
  16.15.1

Platform: 
  win32 x64

Trace: 
  Error: canceled
      at Interface.<anonymous> (C:\Users\DAT THANH NGUYEN\AppData\Roaming\npm\node_modules\yarn\lib\cli.js:137150:13)
      at Interface.emit (node:events:527:28)
      at Interface._ttyWrite (node:readline:1081:16)
      at ReadStream.onkeypress (node:readline:288:10)
      at ReadStream.emit (node:events:527:28)
      at emitKeys (node:internal/readline/utils:358:14)
      at emitKeys.next (<anonymous>)
      at ReadStream.onData (node:internal/readline/emitKeypressEvents:61:36)
      at ReadStream.emit (node:events:527:28)
      at addChunk (node:internal/streams/readable:315:12)

npm manifest: 
  No manifest

yarn manifest: 
  No manifest

Lockfile: 
  No lockfile
